SCP Virtual Bus Driver Installer 1.0.0.103 [12/1/2013 9:22:59 AM]

Detected - Microsoft Windows 81 Pro (6.2.9200.0 AMD64)
Selected DEFAULT configuration.


SCP Virtual Bus Driver Installer 1.0.0.103 [12/2/2013 8:51:44 PM]

Detected - Microsoft Windows 81 Pro (6.2.9200.0 AMD64)
Selected DEFAULT configuration.


SCP Virtual Bus Driver Installer 1.0.0.103 [12/3/2013 12:50:59 AM]

Detected - Microsoft Windows 81 Pro (6.2.9200.0 AMD64)
Selected DEFAULT configuration.


SCP Virtual Bus Driver Installer 1.0.0.103 [7/25/2014 8:31:20 PM]

Detected - Microsoft Windows 81 Pro (6.2.9200.0 AMD64)
Selected DEFAULT configuration.

SUCCESS - Virtual Bus Created
INFO    - ENTER:  DriverPackageInstallW
INFO    - Looking for Model Section [SCProductions.NTamd64]...
INFO    - Installing INF file 'C:\Users\Dan-H_000\Desktop\DS4Tool-1.2.2\Virtual Bus Driver\System\ScpVBus.inf' (Plug and Play).
INFO    - Looking for Model Section [SCProductions.NTamd64]...
INFO    - Installing devices with Id "root\ScpVBus" using INF "C:\Windows\System32\DriverStore\FileRepository\scpvbus.inf_amd64_21ca245c0e23d7a5\ScpVBus.inf".
INFO    - ENTER UpdateDriverForPlugAndPlayDevices...
SUCCESS - RETURN UpdateDriverForPlugAndPlayDevices.
INFO    - Installation was successful.
SUCCESS - Install completed
INFO    - RETURN: DriverPackageInstallW  (0x0)

Install Succeeded.

-- Install Summary --
Bus Device
Bus Driver



SCP Virtual Bus Driver Installer 1.0.0.103 [10/7/2014 6:49:20 PM]

Detected - Microsoft Windows 81 Pro (6.2.9200.0 AMD64)
Selected DEFAULT configuration.

INFO    - ENTER:  DriverPackageInstallW
INFO    - Looking for Model Section [SCProductions.NTamd64]...
INFO    - RETURN: DriverPackageInstallW  (0x103)

Install Succeeded.

-- Install Summary --



SCP Virtual Bus Driver Installer 1.0.0.103 [10/7/2014 6:51:07 PM]

Detected - Microsoft Windows 81 Pro (6.2.9200.0 AMD64)
Selected DEFAULT configuration.

INFO    - ENTER:  DriverPackageInstallW
INFO    - Looking for Model Section [SCProductions.NTamd64]...
INFO    - RETURN: DriverPackageInstallW  (0x103)

Install Succeeded.

-- Install Summary --



SCP Virtual Bus Driver Installer 1.0.0.103 [10/7/2014 6:52:18 PM]

Detected - Microsoft Windows 81 Pro (6.2.9200.0 AMD64)
Selected DEFAULT configuration.

INFO    - ENTER:  DriverPackageInstallW
INFO    - Looking for Model Section [SCProductions.NTamd64]...
INFO    - RETURN: DriverPackageInstallW  (0x103)

Install Succeeded.

-- Install Summary --



SCP Virtual Bus Driver Installer 1.0.0.103 [12/23/2014 8:27:43 AM]

Detected - Microsoft Windows 7 Professional Service Pack 1 (6.1.7601.65536 AMD64)
Selected WIN7 configuration.

SUCCESS - Virtual Bus Created
INFO    - ENTER:  DriverPackageInstallW
INFO    - Looking for Model Section [SCProductions.NTamd64]...
INFO    - Installing INF file 'C:\Users\user\Google Drive\Video Game Stuff\Controller Support\PS4 Controller\DS4Tool-1.2.2\Virtual Bus Driver\System\ScpVBus.inf' (Plug and Play).
INFO    - Looking for Model Section [SCProductions.NTamd64]...
INFO    - Installing devices with Id "root\ScpVBus" using INF "C:\Windows\System32\DriverStore\FileRepository\scpvbus.inf_amd64_neutral_21ca245c0e23d7a5\ScpVBus.inf".
INFO    - ENTER UpdateDriverForPlugAndPlayDevices...
SUCCESS - RETURN UpdateDriverForPlugAndPlayDevices.
INFO    - Installation was successful.
SUCCESS - Install completed
INFO    - RETURN: DriverPackageInstallW  (0x0)

Install Succeeded.

-- Install Summary --
Bus Device
Bus Driver



SCP Virtual Bus Driver Installer 1.0.0.103 [12/23/2014 8:46:44 AM]

Detected - Microsoft Windows 7 Professional Service Pack 1 (6.1.7601.65536 AMD64)
Selected WIN7 configuration.

INFO    - ENTER:  DriverPackageInstallW
INFO    - Looking for Model Section [SCProductions.NTamd64]...
INFO    - RETURN: DriverPackageInstallW  (0x103)

Install Succeeded.

-- Install Summary --



SCP Virtual Bus Driver Installer 1.0.0.103 [12/23/2014 8:47:08 AM]

Detected - Microsoft Windows 7 Professional Service Pack 1 (6.1.7601.65536 AMD64)
Selected WIN7 configuration.

SUCCESS - Virtual Bus Removed

Uninstall Succeeded.

-- Uninstall Summary --
Bus Device


SCP Virtual Bus Driver Installer 1.0.0.103 [12/23/2014 8:47:15 AM]

Detected - Microsoft Windows 7 Professional Service Pack 1 (6.1.7601.65536 AMD64)
Selected WIN7 configuration.

SUCCESS - Virtual Bus Created
INFO    - ENTER:  DriverPackageInstallW
INFO    - Looking for Model Section [SCProductions.NTamd64]...
INFO    - Installing INF file 'C:\Users\user\Google Drive\Video Game Stuff\Controller Support\PS4 Controller\DS4Tool-1.2.2\Virtual Bus Driver\System\ScpVBus.inf' (Plug and Play).
INFO    - Looking for Model Section [SCProductions.NTamd64]...
INFO    - Installing devices with Id "root\ScpVBus" using INF "C:\Windows\System32\DriverStore\FileRepository\scpvbus.inf_amd64_neutral_21ca245c0e23d7a5\scpvbus.inf".
INFO    - ENTER UpdateDriverForPlugAndPlayDevices...
SUCCESS - RETURN UpdateDriverForPlugAndPlayDevices.
INFO    - Installation was successful.
SUCCESS - Install completed
INFO    - RETURN: DriverPackageInstallW  (0x0)

Install Succeeded.

-- Install Summary --
Bus Device
Bus Driver



SCP Virtual Bus Driver Installer 1.0.0.103 [1/9/2015 6:50:46 PM]

Detected - Microsoft Windows 81 Pro (6.2.9200.0 AMD64)
Selected DEFAULT configuration.

SUCCESS - Virtual Bus Created
INFO    - ENTER:  DriverPackageInstallW
INFO    - Looking for Model Section [SCProductions.NTamd64]...
INFO    - Installing INF file 'D:\Google Drive\Video Game Stuff\Controller Support\PS4 Controller\DS4Tool-1.2.2\Virtual Bus Driver\System\ScpVBus.inf' (Plug and Play).
INFO    - Looking for Model Section [SCProductions.NTamd64]...
INFO    - Installing devices with Id "root\ScpVBus" using INF "C:\Windows\System32\DriverStore\FileRepository\scpvbus.inf_amd64_21ca245c0e23d7a5\ScpVBus.inf".
INFO    - ENTER UpdateDriverForPlugAndPlayDevices...
SUCCESS - RETURN UpdateDriverForPlugAndPlayDevices.
INFO    - Installation was successful.
SUCCESS - Install completed
INFO    - RETURN: DriverPackageInstallW  (0x0)

Install Succeeded.

-- Install Summary --
Bus Device
Bus Driver



SCP Virtual Bus Driver Installer 1.0.0.103 [6/15/2015 8:33:15 AM]

Detected - Microsoft Windows 81 Pro (6.2.9200.0 AMD64)
Selected DEFAULT configuration.

SUCCESS - Virtual Bus Created
INFO    - ENTER:  DriverPackageInstallW
INFO    - Looking for Model Section [SCProductions.NTamd64]...
INFO    - Installing INF file 'C:\Users\Dan\Google Drive\Video Game Stuff\Controller Support\PS4 Controller\DS4Tool-1.2.2\Virtual Bus Driver\System\ScpVBus.inf' (Plug and Play).
INFO    - Looking for Model Section [SCProductions.NTamd64]...
INFO    - Installing devices with Id "root\ScpVBus" using INF "C:\WINDOWS\System32\DriverStore\FileRepository\scpvbus.inf_amd64_21ca245c0e23d7a5\ScpVBus.inf".
INFO    - ENTER UpdateDriverForPlugAndPlayDevices...
SUCCESS - RETURN UpdateDriverForPlugAndPlayDevices.
INFO    - Installation was successful.
SUCCESS - Install completed
INFO    - RETURN: DriverPackageInstallW  (0x0)

Install Succeeded.

-- Install Summary --
Bus Device
Bus Driver



SCP Virtual Bus Driver Installer 1.0.0.103 [7/10/2015 1:04:51 PM]

Detected - Microsoft Windows 81 Pro (6.2.9200.0 AMD64)
Selected DEFAULT configuration.

INFO    - ENTER:  DriverPackageInstallW
INFO    - Looking for Model Section [SCProductions.NTamd64]...
INFO    - RETURN: DriverPackageInstallW  (0x103)

Install Succeeded.

-- Install Summary --



